<?xml version="1.0" encoding="UTF-8"?>
<testsuite xmlns:xsi="http://www.w3.org/2001/XMLSchema-instance" xsi:noNamespaceSchemaLocation="https://maven.apache.org/surefire/maven-surefire-plugin/xsd/surefire-test-report.xsd" name="ru.praktikum_services.qa_scooter.courier.login.LoginTest" time="0.477" tests="1" errors="0" skipped="0" failures="0">
  <properties>
[...]
</properties>
  <testcase name="checkNewCourierCanLogin" classname="ru.praktikum_services.qa_scooter.courier.login.LoginTest" time="0.472"/>
</testsuite>